[
    {
        "Id": "9437ebb8894f76d10423ef152a5dc775e3a31a5b513c6b8c9872e563f809dcfb",
        "Created": "2018-07-23T05:28:49.507504544Z",
        "Path": "/bin/bash",
        "Args": [],
        "State": {
            "Status": "exited",
            "Running": false,
            "Paused": false,
            "Restarting": false,
            "OOMKilled": false,
            "Dead": false,
            "Pid": 0,
            "ExitCode": 0,
            "Error": "",
            "StartedAt": "2018-07-23T05:28:50.428085953Z",
            "FinishedAt": "2018-07-23T05:29:41.435673344Z"
        },
        "Image": "sha256:e13f3d529b1ad39b4f571b249de40754b7be4a63211c7c67be4addbd47839f2c",
        "ResolvConfPath": "/var/lib/docker/containers/9437ebb8894f76d10423ef152a5dc775e3a31a5b513c6b8c9872e563f809dcfb/resolv.conf",
        "HostnamePath": "/var/lib/docker/containers/9437ebb8894f76d10423ef152a5dc775e3a31a5b513c6b8c9872e563f809dcfb/hostname",
        "HostsPath": "/var/lib/docker/containers/9437ebb8894f76d10423ef152a5dc775e3a31a5b513c6b8c9872e563f809dcfb/hosts",
        "LogPath": "/var/lib/docker/containers/9437ebb8894f76d10423ef152a5dc775e3a31a5b513c6b8c9872e563f809dcfb/9437ebb8894f76d10423ef152a5dc775e3a31a5b513c6b8c9872e563f809dcfb-json.log",
        "Name": "/xenodochial_curie",
        "RestartCount": 0,
        "Driver": "overlay2",
        "Platform": "linux",
        "MountLabel": "",
        "ProcessLabel": "",
        "AppArmorProfile": "docker-default",
        "ExecIDs": null,
        "HostConfig": {
            "Binds": null,
            "ContainerIDFile": "",
            "LogConfig": {
                "Type": "json-file",
                "Config": {}
            },
            "NetworkMode": "default",
            "PortBindings": {},
            "RestartPolicy": {
                "Name": "no",
                "MaximumRetryCount": 0
            },
            "AutoRemove": false,
            "VolumeDriver": "",
            "VolumesFrom": null,
            "CapAdd": null,
            "CapDrop": null,
            "Dns": [],
            "DnsOptions": [],
            "DnsSearch": [],
            "ExtraHosts": null,
            "GroupAdd": null,
            "IpcMode": "shareable",
            "Cgroup": "",
            "Links": null,
            "OomScoreAdj": 0,
            "PidMode": "",
            "Privileged": false,
            "PublishAllPorts": false,
            "ReadonlyRootfs": false,
            "SecurityOpt": null,
            "UTSMode": "",
            "UsernsMode": "",
            "ShmSize": 67108864,
            "Runtime": "runc",
            "ConsoleSize": [
                0,
                0
            ],
            "Isolation": "",
            "CpuShares": 0,
            "Memory": 0,
            "NanoCpus": 0,
            "CgroupParent": "",
            "BlkioWeight": 0,
            "BlkioWeightDevice": [],
            "BlkioDeviceReadBps": null,
            "BlkioDeviceWriteBps": null,
            "BlkioDeviceReadIOps": null,
            "BlkioDeviceWriteIOps": null,
            "CpuPeriod": 0,
            "CpuQuota": 0,
            "CpuRealtimePeriod": 0,
            "CpuRealtimeRuntime": 0,
            "CpusetCpus": "",
            "CpusetMems": "",
            "Devices": [],
            "DeviceCgroupRules": null,
            "DiskQuota": 0,
            "KernelMemory": 0,
            "MemoryReservation": 0,
            "MemorySwap": 0,
            "MemorySwappiness": null,
            "OomKillDisable": false,
            "PidsLimit": 0,
            "Ulimits": null,
            "CpuCount": 0,
            "CpuPercent": 0,
            "IOMaximumIOps": 0,
            "IOMaximumBandwidth": 0
        },
        "GraphDriver": {
            "Data": {
                "LowerDir": "/var/lib/docker/overlay2/38654cef78a2b7c8aec5004489230376527bece2d21d50990b3284aa1143170a-init/diff:/var/lib/docker/overlay2/28cf33e469e586acc7157962a7524434256213d0cd616a7ed746f0ac08323f91/diff:/var/lib/docker/overlay2/4a8f73cfbf4998b4d0a87d28b9c035299784cdd3d838bbea002439a11787787b/diff:/var/lib/docker/overlay2/b7a300f070483631d5f31f77c038cbc08b49d24668c9fba114733d36baafc9df/diff:/var/lib/docker/overlay2/5635bef506c80321c2f7d60826697f690b6c87a670269e5c162b19e3578a3159/diff:/var/lib/docker/overlay2/fbcd180eed8651c4407adae5edc3a2bb7bdb27e7ba997b6f672678896a42ab87/diff",
                "MergedDir": "/var/lib/docker/overlay2/38654cef78a2b7c8aec5004489230376527bece2d21d50990b3284aa1143170a/merged",
                "UpperDir": "/var/lib/docker/overlay2/38654cef78a2b7c8aec5004489230376527bece2d21d50990b3284aa1143170a/diff",
                "WorkDir": "/var/lib/docker/overlay2/38654cef78a2b7c8aec5004489230376527bece2d21d50990b3284aa1143170a/work"
            },
            "Name": "overlay2"
        },
        "Mounts": [],
        "Config": {
            "Hostname": "9437ebb8894f",
            "Domainname": "",
            "User": "",
            "AttachStdin": true,
            "AttachStdout": true,
            "AttachStderr": true,
            "Tty": true,
            "OpenStdin": true,
            "StdinOnce": true,
            "Env": [
                "PATH=/usr/local/sbin:/usr/local/bin:/usr/sbin:/usr/bin:/sbin:/bin"
            ],
            "Cmd": [
                "/bin/bash"
            ],
            "Image": "ubuntu:16.04",
            "Volumes": null,
            "WorkingDir": "",
            "Entrypoint": null,
            "OnBuild": null,
            "Labels": {}
        },
        "NetworkSettings": {
            "Bridge": "",
            "SandboxID": "034cafdc213fedd222d4b993f5e51e7b4b06ddaf0b61372d4f09e7a8d4534a46",
            "HairpinMode": false,
            "LinkLocalIPv6Address": "",
            "LinkLocalIPv6PrefixLen": 0,
            "Ports": {},
            "SandboxKey": "/var/run/docker/netns/034cafdc213f",
            "SecondaryIPAddresses": null,
            "SecondaryIPv6Addresses": null,
            "EndpointID": "",
            "Gateway": "",
            "GlobalIPv6Address": "",
            "GlobalIPv6PrefixLen": 0,
            "IPAddress": "",
            "IPPrefixLen": 0,
            "IPv6Gateway": "",
            "MacAddress": "",
            "Networks": {
                "bridge": {
                    "IPAMConfig": null,
                    "Links": null,
                    "Aliases": null,
                    "NetworkID": "4cf6109c2e6978aa03c4c50bb2dd1e4c550150955afd4e25b6e21b956ecfd66d",
                    "EndpointID": "",
                    "Gateway": "",
                    "IPAddress": "",
                    "IPPrefixLen": 0,
                    "IPv6Gateway": "",
                    "GlobalIPv6Address": "",
                    "GlobalIPv6PrefixLen": 0,
                    "MacAddress": "",
                    "DriverOpts": null
                }
            }
        }
    }
]
